<?xml version="1.0" encoding="UTF-8"?>
<!-- Generated by org.testng.reporters.JUnitReportReporter -->
<testsuite hostname="JapneetS-LAP" failures="0" tests="2" name="pageTests.LoginPageTests" time="16.256" errors="0" timestamp="14 Nov 2022 09:18:19 GMT" skipped="0">
  <testcase classname="pageTests.LoginPageTests" name="TestPositiveUserLogin" time="7.923"/>
  <testcase classname="pageTests.LoginPageTests" name="TestNegativeUserLogin" time="8.333"/>
</testsuite> <!-- pageTests.LoginPageTests -->
