<?xml version="1.0" encoding="UTF-8"?>
<!-- Generated by org.testng.reporters.JUnitReportReporter -->
<testsuite hostname="JapneetS-LAP" failures="0" tests="2" name="pageTests.HomePageTests" time="13.195" errors="0" timestamp="14 Nov 2022 09:18:19 GMT" skipped="0">
  <testcase classname="pageTests.HomePageTests" name="testURLLoading" time="5.016"/>
  <testcase classname="pageTests.HomePageTests" name="testLoginPageRouting" time="8.179"/>
</testsuite> <!-- pageTests.HomePageTests -->
